The HCMV genome (NC_006273.2) has 169 CDS.

sample	condition	min_tpm	med_tpm	meam_tpm	max_tpm
SRR5660030	2dpi	0.0	1877.01	5917.16	76933.3
SRR5660033	6dpi	0.0	1980.99	5917.16	177497.0
SRR5660044	2dpi	0.0	1906.83	5917.16	222794.0
SRR5660045	6dpi	0.0	1087.21	5917.16	400458.0

      target_id  test_stat      pval      qval
0   YP_081530.1  15.173621  0.000098  0.008439
1   YP_081547.1  15.024102  0.000106  0.008439
2   YP_081552.1  14.052375  0.000178  0.009423
3   YP_081551.1  12.462536  0.000415  0.016504
4   YP_081577.1  11.864405  0.000572  0.017710
5   YP_081489.1  11.575386  0.000668  0.017710
6   YP_081574.1  11.034134  0.000894  0.018760
7   YP_081521.1  10.863749  0.000981  0.018760
8   YP_081576.1  10.716466  0.001062  0.018760
9   YP_081490.1  10.190159  0.001412  0.022450
10  YP_081522.1   9.386840  0.002185  0.031590
11  YP_081561.1   8.952174  0.002771  0.036721
12  YP_081613.1   8.638551  0.003291  0.040254
13  YP_081600.1   8.394867  0.003763  0.042735
14  YP_081520.1   8.253671  0.004067  0.043110
15  YP_081533.1   8.033388  0.004592  0.045636
16  YP_081601.1   7.868743  0.005030  0.047042
17  YP_081595.1   7.680552  0.005582  0.049307

Donor 1 (2dpi) had 2259287 read pairs before Bowtie2 filtering and 1562296 read pairs after.
Donor 1 (6dpi) had 2004530 read pairs before Bowtie2 filtering and 1249472 read pairs after.
Donor 3 (2dpi) had 2730258 read pairs before Bowtie2 filtering and 1922300 read pairs after.
Donor 3 (6dpi) had 2476889 read pairs before Bowtie2 filtering and 1274769 read pairs after.

SPAdes Commands:
spades.py -k 77 -t 2 --only-assembler --pe-1 1 SRR5660030_mapped_1.fq --pe-2 1 SRR5660030_mapped_2.fq --pe-1 2 SRR5660033_mapped_1.fq --pe-2 2 SRR5660033_mapped_2.fq -o Donor_1_assembly/
spades.py -k 77 -t 2 --only-assembler --pe-1 1 SRR5660044_mapped_1.fq --pe-2 1 SRR5660044_mapped_2.fq --pe-1 2 SRR5660045_mapped_1.fq --pe-2 2 SRR5660045_mapped_2.fq -o Donor_3_assembly/

Donor1:
sacc	pident	length	qstart	qend	sstart	send	bitscore	evaluet	stitle
NC_006273.2	99.199	4368	1	4365	67528	71895	7869	0.0	NC_006273.2 Human herpesvirus 5 strain Merlin, complete genome
NC_003521.1	94.309	123	4240	4362	69334	69456	189	2.24e-47	NC_003521.1 Panine herpesvirus 2 strain Heberling, complete genome

Donor3:
sacc	pident	length	qstart	qend	sstart	send	bitscore	evaluet	stitle
NC_006273.2	98.962	38259	1	38244	51612	89861	68430	0.0	NC_006273.2 Human herpesvirus 5 strain Merlin, complete genome
NC_003521.1	89.722	1401	34425	35822	84006	85403	1784	0.0	NC_003521.1 Panine herpesvirus 2 strain Heberling, complete genome
NC_075417.1	83.816	1347	34485	35821	142857	141522	1260	0.0	NC_075417.1 Mandrillus leucophaeus cytomegalovirus isolate OCOM6-2, complete genome
NC_055235.1	83.705	1344	34485	35820	128658	127324	1253	0.0	NC_055235.1 Papiine betaherpesvirus 3, complete genome, *** SEQUENCING IN PROGRESS ***, 22 unordered pieces
NC_027016.1	83.605	1348	34485	35821	144757	143422	1243	0.0	NC_027016.1 Papio ursinus cytomegalovirus isolate OCOM4-52, complete genome
NC_016154.1	85.348	1208	34486	35688	75360	76562	1242	0.0	NC_016154.1 Cynomolgus macaque cytomegalovirus strain Ottawa, complete genome
NC_012783.2	85.311	1205	34486	35688	80600	81802	1242	0.0	NC_012783.2 Cercopithecine herpesvirus 5 strain 2715, complete genome
NC_033176.1	85.182	1208	34486	35688	80341	81543	1230	0.0	NC_033176.1 Cynomolgus cytomegalovirus isolate 31908, complete genome
NC_006150.1	83.824	1292	34486	35772	81325	82611	1219	0.0	NC_006150.1 Macacine herpesvirus 3, complete genome
NC_016447.1	77.632	1216	34485	35688	78422	79625	717	0.0	NC_016447.1 Aotine herpesvirus 1 strain S34E, complete genome
